<?xml version="1.0" encoding="UTF-8"?>
<!-- Generated by org.testng.reporters.JUnitReportReporter -->
<testsuite skipped="0" hostname="DESKTOP-2DG6CQ3" name="AutomationTest.dresspagetest" tests="1" failures="0" timestamp="28 Dec 2019 19:24:29 GMT" time="3.240" errors="0">
  <testcase name="verifysize" time="3.240" classname="AutomationTest.dresspagetest"/>
</testsuite> <!-- AutomationTest.dresspagetest -->
