<?xml version="1.0" encoding="UTF-8"?>
<!-- Generated by org.testng.reporters.JUnitReportReporter -->
<testsuite skipped="0" hostname="DESKTOP-2DG6CQ3" name="AutomationTest.homepagetest" tests="2" failures="0" timestamp="6 Jan 2020 13:59:02 GMT" time="8.463" errors="0">
  <testcase name="verifyclick" time="7.532" classname="AutomationTest.homepagetest"/>
  <testcase name="verifytab" time="0.931" classname="AutomationTest.homepagetest"/>
</testsuite> <!-- AutomationTest.homepagetest -->
